<?xml version="1.0" encoding="UTF-8"?>
<testsuites name="falcon-telemetry-gateway" tests="4" failures="1" skipped="1">
  <testsuite name="FalconTelemetryGatewayTests" tests="4" failures="1" skipped="1">
    <testcase classname="TelemetryStatusPanelTests" name="testDisplaysStatusWithinTwoSeconds_REQ_001" time="0.041" />
    <testcase classname="AuthenticationAuditTests" name="testFailedLoginIsLogged_REQ_002" time="0.026" />
    <testcase classname="AuditRetentionTests" name="testRetainsAuditRecords_REQ_005" time="0.034">
      <failure message="Expected retention policy to keep records for 365 days" />
    </testcase>
    <testcase classname="OperatorAlertTests" name="testCommunicationLossAlertDraft" time="0.000">
      <skipped message="No accepted requirement ID linked to this test yet" />
    </testcase>
  </testsuite>
</testsuites>
